TN:
SF:src/user/user-model.ts
FN:13,UserModel
FN:17,fill
FN:27,get id
FN:31,get email
FN:35,get password
FN:39,get is_active
FN:44,get created_at
FN:48,get updated_at
FN:52,get password_updated_at
FN:56,set email
FN:61,set password
FN:65,set is_active
FN:69,set updated_at
FN:74,set password_updated_at
FNF:14
FNH:0
FNDA:0,UserModel
FNDA:0,fill
FNDA:0,get id
FNDA:0,get email
FNDA:0,get password
FNDA:0,get is_active
FNDA:0,get created_at
FNDA:0,get updated_at
FNDA:0,get password_updated_at
FNDA:0,set email
FNDA:0,set password
FNDA:0,set is_active
FNDA:0,set updated_at
FNDA:0,set password_updated_at
DA:1,1
DA:2,1
DA:3,1
DA:4,1
DA:5,1
DA:6,1
DA:7,1
DA:8,1
DA:9,1
DA:10,1
DA:11,1
DA:12,1
DA:13,1
DA:14,0
DA:15,0
DA:16,1
DA:17,1
DA:18,0
DA:19,0
DA:20,0
DA:21,0
DA:22,0
DA:23,0
DA:24,0
DA:25,0
DA:26,1
DA:27,1
DA:28,0
DA:29,0
DA:30,1
DA:31,1
DA:32,0
DA:33,0
DA:34,1
DA:35,1
DA:36,0
DA:37,0
DA:38,1
DA:39,1
DA:40,0
DA:41,0
DA:42,1
DA:43,1
DA:44,1
DA:45,0
DA:46,0
DA:47,1
DA:48,1
DA:49,0
DA:50,0
DA:51,1
DA:52,1
DA:53,0
DA:54,0
DA:55,1
DA:56,1
DA:57,0
DA:58,0
DA:59,0
DA:60,1
DA:61,1
DA:62,0
DA:63,0
DA:64,1
DA:65,1
DA:66,0
DA:67,0
DA:68,1
DA:69,1
DA:70,0
DA:71,0
DA:72,1
DA:73,1
DA:74,1
DA:75,0
DA:76,0
DA:77,1
LF:77
LH:42
BRF:0
BRH:0
end_of_record
TN:
SF:src/user/user-service.ts
FN:10,UserService
FN:14,createUser
FN:33,getUserId
FN:39,confirmPassword
FN:56,changePassword
FN:84,changeEmail
FN:99,softDeleteUser
FN:109,hashPassword
FN:113,comparePassword
FNF:9
FNH:0
FNDA:0,UserService
FNDA:0,createUser
FNDA:0,getUserId
FNDA:0,confirmPassword
FNDA:0,changePassword
FNDA:0,changeEmail
FNDA:0,softDeleteUser
FNDA:0,hashPassword
FNDA:0,comparePassword
DA:1,1
DA:2,1
DA:3,1
DA:4,1
DA:5,1
DA:6,1
DA:7,1
DA:8,1
DA:9,1
DA:10,1
DA:11,0
DA:12,0
DA:13,1
DA:14,1
DA:15,0
DA:16,0
DA:17,0
DA:18,0
DA:19,0
DA:20,0
DA:21,0
DA:22,0
DA:23,0
DA:24,0
DA:25,0
DA:26,0
DA:27,0
DA:28,0
DA:29,0
DA:30,0
DA:31,0
DA:32,1
DA:33,1
DA:34,0
DA:35,0
DA:36,0
DA:37,0
DA:38,1
DA:39,1
DA:40,0
DA:41,0
DA:42,0
DA:43,0
DA:44,0
DA:45,0
DA:46,0
DA:47,0
DA:48,0
DA:49,0
DA:50,0
DA:51,0
DA:52,0
DA:53,0
DA:54,0
DA:55,1
DA:56,1
DA:57,0
DA:58,0
DA:59,0
DA:60,0
DA:61,0
DA:62,0
DA:63,0
DA:64,0
DA:65,0
DA:66,0
DA:67,0
DA:68,0
DA:69,0
DA:70,0
DA:71,0
DA:72,0
DA:73,0
DA:74,0
DA:75,0
DA:76,0
DA:77,0
DA:78,0
DA:79,0
DA:80,0
DA:81,0
DA:82,0
DA:83,1
DA:84,1
DA:85,0
DA:86,0
DA:87,0
DA:88,0
DA:89,0
DA:90,0
DA:91,0
DA:92,0
DA:93,0
DA:94,0
DA:95,0
DA:96,0
DA:97,0
DA:98,1
DA:99,1
DA:100,0
DA:101,0
DA:102,0
DA:103,0
DA:104,0
DA:105,0
DA:106,0
DA:107,0
DA:108,1
DA:109,1
DA:110,0
DA:111,0
DA:112,1
DA:113,1
DA:114,0
DA:115,0
DA:116,1
LF:116
LH:27
BRF:0
BRH:0
end_of_record
