TN:
SF:src/user/user-model.ts
FN:13,UserModel
FN:23,get id
FN:27,get email
FN:31,get password
FN:35,get is_active
FN:40,get created_at
FN:44,get updated_at
FN:48,get password_updated_at
FN:52,set email
FN:57,set password
FN:61,set is_active
FN:65,set updated_at
FN:70,set password_updated_at
FNF:13
FNH:1
FNDA:1,UserModel
FNDA:0,get id
FNDA:0,get email
FNDA:0,get password
FNDA:0,get is_active
FNDA:0,get created_at
FNDA:0,get updated_at
FNDA:0,get password_updated_at
FNDA:0,set email
FNDA:0,set password
FNDA:0,set is_active
FNDA:0,set updated_at
FNDA:0,set password_updated_at
DA:1,1
DA:2,1
DA:3,1
DA:4,1
DA:5,1
DA:6,1
DA:7,1
DA:8,1
DA:9,1
DA:10,1
DA:11,1
DA:12,1
DA:13,1
DA:14,1
DA:15,1
DA:16,1
DA:17,1
DA:18,1
DA:19,1
DA:20,1
DA:21,1
DA:22,1
DA:23,1
DA:24,0
DA:25,0
DA:26,1
DA:27,1
DA:28,0
DA:29,0
DA:30,1
DA:31,1
DA:32,0
DA:33,0
DA:34,1
DA:35,1
DA:36,0
DA:37,0
DA:38,1
DA:39,1
DA:40,1
DA:41,0
DA:42,0
DA:43,1
DA:44,1
DA:45,0
DA:46,0
DA:47,1
DA:48,1
DA:49,0
DA:50,0
DA:51,1
DA:52,1
DA:53,0
DA:54,0
DA:55,0
DA:56,1
DA:57,1
DA:58,0
DA:59,0
DA:60,1
DA:61,1
DA:62,0
DA:63,0
DA:64,1
DA:65,1
DA:66,0
DA:67,0
DA:68,1
DA:69,1
DA:70,1
DA:71,0
DA:72,0
DA:73,1
LF:73
LH:48
BRDA:13,0,0,1
BRDA:17,1,0,0
BRF:2
BRH:1
end_of_record
TN:
SF:src/user/user-service.ts
FN:10,UserService
FN:14,createUser
FN:33,getUserId
FN:39,confirmPassword
FN:56,changePassword
FN:84,changeEmail
FN:99,softDeleteUser
FN:109,hashPassword
FN:113,comparePassword
FNF:9
FNH:9
FNDA:14,UserService
FNDA:2,createUser
FNDA:2978,getUserId
FNDA:2,confirmPassword
FNDA:2,changePassword
FNDA:2,changeEmail
FNDA:2,softDeleteUser
FNDA:6,hashPassword
FNDA:3,comparePassword
DA:1,1
DA:2,1
DA:3,1
DA:4,1
DA:5,1
DA:6,1
DA:7,1
DA:8,1
DA:9,1
DA:10,1
DA:11,14
DA:12,14
DA:13,1
DA:14,1
DA:15,2
DA:16,2
DA:17,1
DA:18,1
DA:19,1
DA:20,1
DA:21,1
DA:22,1
DA:23,1
DA:24,1
DA:25,0
DA:26,0
DA:27,0
DA:28,0
DA:29,0
DA:30,0
DA:31,0
DA:32,1
DA:33,1
DA:34,2978
DA:35,0
DA:36,0
DA:37,0
DA:38,1
DA:39,1
DA:40,2
DA:41,0
DA:42,0
DA:43,0
DA:44,0
DA:45,0
DA:46,0
DA:47,0
DA:48,0
DA:49,0
DA:50,0
DA:51,0
DA:52,0
DA:53,0
DA:54,0
DA:55,1
DA:56,1
DA:57,2
DA:58,2
DA:59,2
DA:60,2
DA:61,2
DA:62,2
DA:63,2
DA:64,2
DA:65,2
DA:66,1
DA:67,1
DA:68,1
DA:69,1
DA:70,1
DA:71,1
DA:72,1
DA:73,1
DA:74,1
DA:75,1
DA:76,1
DA:77,0
DA:78,0
DA:79,0
DA:80,0
DA:81,0
DA:82,0
DA:83,1
DA:84,1
DA:85,2
DA:86,2
DA:87,2
DA:88,2
DA:89,2
DA:90,2
DA:91,1
DA:92,1
DA:93,1
DA:94,1
DA:95,1
DA:96,1
DA:97,1
DA:98,1
DA:99,1
DA:100,2
DA:101,2
DA:102,1
DA:103,1
DA:104,1
DA:105,1
DA:106,1
DA:107,1
DA:108,1
DA:109,1
DA:110,6
DA:111,6
DA:112,1
DA:113,1
DA:114,3
DA:115,3
DA:116,1
LF:116
LH:86
BRDA:10,0,0,14
BRDA:14,1,0,2
BRDA:17,2,0,1
BRDA:25,3,0,0
BRDA:33,4,0,2978
BRDA:35,5,0,0
BRDA:39,6,0,2
BRDA:41,7,0,0
BRDA:56,8,0,2
BRDA:65,9,0,1
BRDA:77,10,0,0
BRDA:84,11,0,2
BRDA:90,12,0,1
BRDA:99,13,0,2
BRDA:101,14,0,1
BRDA:109,15,0,6
BRDA:113,16,0,3
BRF:17
BRH:13
end_of_record
